生成启动时间为 2019/4/4 星期四 11:44:57。
     1>项目“E:\Share\cpp_samples\apr\build\vs2010\vs2010.vcxproj”在节点 2 上(build 个目标)。
     1>InitializeBuildStatus:
         正在创建“x64\Debug\vs2010.unsuccessfulbuild”，因为已指定“AlwaysCreate”。
       ClCompile:
         C:\Program Files (x86)\Microsoft Visual Studio 10.0\VC\bin\x86_amd64\CL.exe /c /I..\..\include\ /Zi /nologo /W3 /WX- /Od /D WIN32 /D _DEBUG /D _WINDOWS /D _MBCS /Gm /EHsc /RTC1 /MDd /GS /fp:precise /Zc:wchar_t /Zc:forScope /Fo"x64\Debug\\" /Fd"x64\Debug\vc100.pdb" /Gd /TC /errorReport:prompt ..\..\test\teststring.c
         teststring.c
       ManifestResourceCompile:
         所有输出均为最新。
       Link:
         C:\Program Files (x86)\Microsoft Visual Studio 10.0\VC\bin\x86_amd64\link.exe /ERRORREPORT:PROMPT /OUT:"E:\Share\cpp_samples\apr\build\vs2010\x64\Debug\vs2010.exe" /INCREMENTAL /NOLOGO kernel32.lib user32.lib gdi32.lib winspool.lib comdlg32.lib advapi32.lib shell32.lib ole32.lib oleaut32.lib uuid.lib odbc32.lib odbccp32.lib /MANIFEST /ManifestFile:"x64\Debug\vs2010.exe.intermediate.manifest" /MANIFESTUAC:"level='asInvoker' uiAccess='false'" /DEBUG /PDB:"E:\Share\cpp_samples\apr\build\vs2010\x64\Debug\vs2010.pdb" /SUBSYSTEM:CONSOLE /TLBID:1 /DYNAMICBASE /NXCOMPAT /IMPLIB:"E:\Share\cpp_samples\apr\build\vs2010\x64\Debug\vs2010.lib" /MACHINE:X64 x64\Debug\vs2010.exe.embed.manifest.res
         x64\Debug\apr_allocater.obj
         x64\Debug\apr_base64.obj
         x64\Debug\apr_dso_linux.obj
         x64\Debug\apr_dso_win32.obj
         x64\Debug\apr_log_linux.obj
         x64\Debug\apr_log_win32.obj
         x64\Debug\apr_queue.obj
         x64\Debug\apr_rmm.obj
         x64\Debug\apr_strings.obj
         x64\Debug\apr_strmatch.obj
         x64\Debug\apr_thread_linux.obj
         x64\Debug\apr_thread_win32.obj
         x64\Debug\apr_time_linux.obj
         x64\Debug\apr_time_win32.obj
         x64\Debug\apr_version.obj
         x64\Debug\abts.obj
         x64\Debug\abts_tests.obj
         x64\Debug\testbase64.obj
         x64\Debug\testhello.obj
         x64\Debug\testlog.obj
         x64\Debug\testqueue.obj
         x64\Debug\testrmm.obj
         x64\Debug\teststring.obj
         x64\Debug\testthread.obj
         x64\Debug\testtime.obj
         x64\Debug\testversion.obj
         vs2010.vcxproj -> E:\Share\cpp_samples\apr\build\vs2010\x64\Debug\vs2010.exe
       Manifest:
         C:\Program Files (x86)\Microsoft SDKs\Windows\v7.0A\bin\mt.exe /nologo /verbose /out:"x64\Debug\vs2010.exe.embed.manifest" /manifest x64\Debug\vs2010.exe.intermediate.manifest
         所有输出均为最新。
       LinkEmbedManifest:
         所有输出均为最新。
         vs2010.vcxproj -> E:\Share\cpp_samples\apr\build\vs2010\x64\Debug\vs2010.exe
       FinalizeBuildStatus:
         正在删除文件“x64\Debug\vs2010.unsuccessfulbuild”。
         正在对“x64\Debug\vs2010.lastbuildstate”执行 Touch 任务。
     1>已完成生成项目“E:\Share\cpp_samples\apr\build\vs2010\vs2010.vcxproj”(build 个目标)的操作。

生成成功。

已用时间 00:00:00.58
