生成启动时间为 2019/4/4 星期四 11:34:52。
     1>项目“E:\Share\cpp_samples\apr\build\vs2010\vs2010.vcxproj”在节点 2 上(build 个目标)。
     1>InitializeBuildStatus:
         正在创建“Debug\vs2010.unsuccessfulbuild”，因为已指定“AlwaysCreate”。
       ClCompile:
         C:\Program Files (x86)\Microsoft Visual Studio 10.0\VC\bin\CL.exe /c /ZI /nologo /W3 /WX- /Od /Oy- /D WIN32 /D _DEBUG /D _WINDOWS /D _UNICODE /D UNICODE /Gm /EHsc /RTC1 /MDd /GS /fp:precise /Zc:wchar_t /Zc:forScope /Fo"Debug\\" /Fd"Debug\vc100.pdb" /Gd /TC /analyze- /errorReport:prompt ..\..\src\apr_allocater.c ..\..\src\apr_base64.c ..\..\src\apr_dso_linux.c ..\..\src\apr_dso_win32.c ..\..\src\apr_log_linux.c ..\..\src\apr_log_win32.c ..\..\src\apr_queue.c ..\..\src\apr_rmm.c ..\..\src\apr_strings.c ..\..\src\apr_strmatch.c ..\..\src\apr_thread_linux.c ..\..\src\apr_thread_win32.c ..\..\src\apr_time_linux.c ..\..\src\apr_time_win32.c ..\..\src\apr_version.c ..\..\test\abts.c ..\..\test\abts_tests.c ..\..\test\testbase64.c ..\..\test\testhello.c ..\..\test\testlog.c ..\..\test\testqueue.c ..\..\test\testrmm.c ..\..\test\teststring.c ..\..\test\testthread.c ..\..\test\testtime.c ..\..\test\testversion.c
         testversion.c
     1>e:\share\cpp_samples\apr\test\testversion.c(4): fatal error C1083: 无法打开包括文件:“apr_version.h”: No such file or directory
         testtime.c
     1>e:\share\cpp_samples\apr\test\testtime.c(5): fatal error C1083: 无法打开包括文件:“apr_time.h”: No such file or directory
         testthread.c
     1>e:\share\cpp_samples\apr\test\testthread.c(4): fatal error C1083: 无法打开包括文件:“apr_thread.h”: No such file or directory
         teststring.c
     1>e:\share\cpp_samples\apr\test\teststring.c(5): fatal error C1083: 无法打开包括文件:“apr_strings.h”: No such file or directory
         testrmm.c
     1>e:\share\cpp_samples\apr\test\testrmm.c(4): fatal error C1083: 无法打开包括文件:“apr_rmm.h”: No such file or directory
         testqueue.c
     1>e:\share\cpp_samples\apr\test\testqueue.c(4): fatal error C1083: 无法打开包括文件:“apr_thread.h”: No such file or directory
         testlog.c
     1>e:\share\cpp_samples\apr\test\testlog.c(5): fatal error C1083: 无法打开包括文件:“apr_strings.h”: No such file or directory
         testhello.c
         testbase64.c
     1>e:\share\cpp_samples\apr\test\testbase64.c(5): fatal error C1083: 无法打开包括文件:“apr_base64.h”: No such file or directory
         abts_tests.c
         abts.c
     1>e:\share\cpp_samples\apr\test\abts.c(391): warning C4996: 'isatty': The POSIX name for this item is deprecated. Instead, use the ISO C++ conformant name: _isatty. See online help for details.
                 c:\program files (x86)\microsoft visual studio 10.0\vc\include\io.h(308) : 参见“isatty”的声明
         apr_version.c
     1>e:\share\cpp_samples\apr\src\apr_version.c(1): fatal error C1083: 无法打开包括文件:“apr_version.h”: No such file or directory
         apr_time_win32.c
     1>e:\share\cpp_samples\apr\src\apr_time_win32.c(1): fatal error C1083: 无法打开包括文件:“apr_time.h”: No such file or directory
         apr_time_linux.c
     1>e:\share\cpp_samples\apr\src\apr_time_linux.c(1): fatal error C1083: 无法打开包括文件:“apr_time.h”: No such file or directory
         apr_thread_win32.c
     1>e:\share\cpp_samples\apr\src\apr_thread_win32.c(1): fatal error C1083: 无法打开包括文件:“apr_thread.h”: No such file or directory
         apr_thread_linux.c
     1>e:\share\cpp_samples\apr\src\apr_thread_linux.c(1): fatal error C1083: 无法打开包括文件:“apr_thread.h”: No such file or directory
         apr_strmatch.c
     1>e:\share\cpp_samples\apr\src\apr_strmatch.c(1): fatal error C1083: 无法打开包括文件:“apr_strmatch.h”: No such file or directory
         apr_strings.c
     1>e:\share\cpp_samples\apr\src\apr_strings.c(5): fatal error C1083: 无法打开包括文件:“apr_strings.h”: No such file or directory
         apr_rmm.c
     1>e:\share\cpp_samples\apr\src\apr_rmm.c(1): fatal error C1083: 无法打开包括文件:“apr_rmm.h”: No such file or directory
         apr_queue.c
     1>e:\share\cpp_samples\apr\src\apr_queue.c(4): fatal error C1083: 无法打开包括文件:“apr.h”: No such file or directory
         正在生成代码...
         正在编译...
         apr_log_win32.c
     1>e:\share\cpp_samples\apr\src\apr_log_win32.c(1): fatal error C1083: 无法打开包括文件:“apr_log.h”: No such file or directory
         apr_log_linux.c
     1>e:\share\cpp_samples\apr\src\apr_log_linux.c(1): fatal error C1083: 无法打开包括文件:“apr_log.h”: No such file or directory
         apr_dso_win32.c
     1>e:\share\cpp_samples\apr\src\apr_dso_win32.c(1): fatal error C1083: 无法打开包括文件:“apr_dso.h”: No such file or directory
         apr_dso_linux.c
     1>e:\share\cpp_samples\apr\src\apr_dso_linux.c(1): fatal error C1083: 无法打开包括文件:“apr_dso.h”: No such file or directory
         apr_base64.c
     1>e:\share\cpp_samples\apr\src\apr_base64.c(7): fatal error C1083: 无法打开包括文件:“apr_base64.h”: No such file or directory
         apr_allocater.c
     1>e:\share\cpp_samples\apr\src\apr_allocater.c(5): fatal error C1083: 无法打开包括文件:“apr_allocater.h”: No such file or directory
         正在生成代码...
     1>已完成生成项目“E:\Share\cpp_samples\apr\build\vs2010\vs2010.vcxproj”(build 个目标)的操作 - 失败。

生成失败。

已用时间 00:00:02.41
